<?xml version="1.0" encoding="UTF-8"?>
<!-- Generated by org.testng.reporters.JUnitReportReporter -->
<testsuite skipped="0" hostname="PC" name="demo.testcase.TellUsAboutYourSelf" tests="1" failures="0" timestamp="8 Mar 2020 04:38:33 GMT" time="37.778" errors="0">
  <testcase name="f" time="37.778" classname="demo.testcase.TellUsAboutYourSelf"/>
</testsuite> <!-- demo.testcase.TellUsAboutYourSelf -->
