<?xml version="1.0" encoding="UTF-8"?>
<!-- Generated by org.testng.reporters.JUnitReportReporter -->
<testsuite skipped="0" hostname="PC" name="demo.testcase.DemoTestCase" tests="1" failures="0" timestamp="11 Oct 2019 18:50:05 GMT" time="2.423" errors="0">
  <testcase name="TC_001" time="2.423" classname="demo.testcase.DemoTestCase"/>
</testsuite> <!-- demo.testcase.DemoTestCase -->
