<?xml version="1.0" encoding="UTF-8"?>
<!-- Generated by org.testng.reporters.JUnitReportReporter -->
<testsuite name="demo.testcase.POM" tests="1" time="45.004" ignored="0" failures="0" timestamp="07 Mar 2020 14:51:05 GMT" skipped="0" hostname="TITAN-V-30" errors="0">
  <testcase name="f" time="45.004" classname="demo.testcase.POM"/>
</testsuite> <!-- demo.testcase.POM -->
