<?xml version="1.0" encoding="UTF-8"?>
<!-- Generated by org.testng.reporters.JUnitReportReporter -->
<testsuite skipped="0" hostname="PC" name="demo.testcase.NewTest" tests="1" failures="0" timestamp="15 Oct 2019 13:11:06 GMT" time="19.122" errors="0">
  <testcase name="f" time="19.122" classname="demo.testcase.NewTest"/>
</testsuite> <!-- demo.testcase.NewTest -->
